<!DOCTYPE html PUBLIC "-//W3C//DTD XHTML 1.1//EN" "https://www.w3.org/TR/xhtml11/DTD/xhtml11.dtd">
<html xmlns="https://www.w3.org/1999/xhtml">
<head>
<meta http-equiv="content-type" content="text/html; charset=UTF-8"/>
<title>TestNG Report</title>
<style type="text/css">table {margin-bottom:10px;border-collapse:collapse;empty-cells:show}th,td {border:1px solid #009;padding:.25em .5em}th {vertical-align:bottom}td {vertical-align:top}table a {font-weight:bold}.stripe td {background-color: #E6EBF9}.num {text-align:right}.passedodd td {background-color: #3F3}.passedeven td {background-color: #0A0}.skippedodd td {background-color: #DDD}.skippedeven td {background-color: #CCC}.failedodd td,.attn {background-color: #F33}.failedeven td,.stripe .attn {background-color: #D00}.stacktrace {white-space:pre;font-family:monospace}.totop {font-size:85%;text-align:center;border-bottom:2px solid #000}.invisible {display:none}</style>
</head>
<body>
<table>
<tr><th>Test</th><th># Passed</th><th># Skipped</th><th># Retried</th><th># Failed</th><th>Time (ms)</th><th>Included Groups</th><th>Excluded Groups</th></tr>
<tr><th colspan="8">Suite</th></tr>
<tr><td><a href="#t0">Draft_Test</a></td><td class="num">21</td><td class="num">0</td><td class="num attn">10</td><td class="num attn">5</td><td class="num">114,445</td><td></td><td></td></tr>
</table>
<table id='summary'><thead><tr><th>Class</th><th>Method</th><th>Start</th><th>Time (ms)</th></tr></thead><tbody><tr><th colspan="4">Suite</th></tr></tbody><tbody id="t0"><tr><th colspan="4">Draft_Test &#8212; failed</th></tr><tr class="failedeven"><td rowspan="4">openCart.functionalTests.Dratf</td><td><a href="#m0">draft</a></td><td rowspan="1">1698835530161</td><td rowspan="1">1</td></tr><tr class="failedeven"><td><a href="#m1">draft1</a></td><td rowspan="1">1698835555083</td><td rowspan="1">1</td></tr><tr class="failedeven"><td><a href="#m2">draft2</a></td><td rowspan="1">1698835571568</td><td rowspan="1">2</td></tr><tr class="failedeven"><td><a href="#m3">draft3</a></td><td rowspan="1">1698835589081</td><td rowspan="1">1</td></tr><tr class="failedodd"><td rowspan="1">openCart.functionalTests.R1dot1_TS003_LogoutFunctionality</td><td><a href="#m4">r1dot1_TS003_TC003</a></td><td rowspan="1">1698835592979</td><td rowspan="1">19153</td></tr><tr><th colspan="4">Draft_Test &#8212; retried</th></tr><tr class="retriedeven"><td rowspan="8">openCart.functionalTests.Dratf</td><td><a href="#m5">draft</a></td><td rowspan="2">1698835508507</td><td rowspan="2">49</td></tr><tr class="retriedeven"><td><a href="#m6">draft</a></td></tr><tr class="retriedeven"><td><a href="#m7">draft1</a></td><td rowspan="2">1698835541678</td><td rowspan="2">5</td></tr><tr class="retriedeven"><td><a href="#m8">draft1</a></td></tr><tr class="retriedeven"><td><a href="#m9">draft2</a></td><td rowspan="2">1698835562635</td><td rowspan="2">0</td></tr><tr class="retriedeven"><td><a href="#m10">draft2</a></td></tr><tr class="retriedeven"><td><a href="#m11">draft3</a></td><td rowspan="2">1698835583312</td><td rowspan="2">1</td></tr><tr class="retriedeven"><td><a href="#m12">draft3</a></td></tr><tr class="retriedodd"><td rowspan="2">openCart.functionalTests.R1dot1_TS003_LogoutFunctionality</td><td><a href="#m13">r1dot1_TS003_TC003</a></td><td rowspan="2">1698835569600</td><td rowspan="2">18071</td></tr><tr class="retriedodd"><td><a href="#m14">r1dot1_TS003_TC003</a></td></tr><tr><th colspan="4">Draft_Test &#8212; passed</th></tr><tr class="passedeven"><td rowspan="7">openCart.functionalTests.R1dot1_TS001_RegisterFunctionality</td><td><a href="#m15">r1dot1_TS001_TC001</a></td><td rowspan="1">1698835508851</td><td rowspan="1">10189</td></tr><tr class="passedeven"><td><a href="#m16">r1dot1_TS001_TC003</a></td><td rowspan="1">1698835528532</td><td rowspan="1">9804</td></tr><tr class="passedeven"><td><a href="#m17">r1dot1_TS001_TC004</a></td><td rowspan="1">1698835543514</td><td rowspan="1">4001</td></tr><tr class="passedeven"><td><a href="#m18">r1dot1_TS001_TC005</a></td><td rowspan="1">1698835554241</td><td rowspan="1">5387</td></tr><tr class="passedeven"><td><a href="#m19">r1dot1_TS001_TC006</a></td><td rowspan="1">1698835565360</td><td rowspan="1">1702</td></tr><tr class="passedeven"><td><a href="#m20">r1dot1_TS001_TC028</a></td><td rowspan="1">1698835580361</td><td rowspan="1">2891</td></tr><tr class="passedeven"><td><a href="#m21">r1dot1_TS001_TC029</a></td><td rowspan="1">1698835572852</td><td rowspan="1">1991</td></tr><tr class="passedodd"><td rowspan="3">openCart.functionalTests.R1dot1_TS002_LoginFunctionality</td><td><a href="#m22">r1dot1_TS002_TC001</a></td><td rowspan="1">1698835511370</td><td rowspan="1">4151</td></tr><tr class="passedodd"><td><a href="#m23">r1dot1_TS002_TC002</a></td><td rowspan="1">1698835525510</td><td rowspan="1">4907</td></tr><tr class="passedodd"><td><a href="#m24">r1dot1_TS002_TC003</a></td><td rowspan="1">1698835538489</td><td rowspan="1">3069</td></tr><tr class="passedeven"><td rowspan="2">openCart.functionalTests.R1dot1_TS003_LogoutFunctionality</td><td><a href="#m25">r1dot1_TS003_TC001</a></td><td rowspan="1">1698835513923</td><td rowspan="1">7803</td></tr><tr class="passedeven"><td><a href="#m26">r1dot1_TS003_TC002</a></td><td rowspan="1">1698835528244</td><td rowspan="1">7711</td></tr><tr class="passedodd"><td rowspan="2">openCart.functionalTests.R1dot1_TS004_ForgottenPasswordFunctionality</td><td><a href="#m27">r1dot1_TS004_TC001</a></td><td rowspan="1">1698835508354</td><td rowspan="1">8100</td></tr><tr class="passedodd"><td><a href="#m28">r1dot1_TS004_TC002</a></td><td rowspan="1">1698835524326</td><td rowspan="1">7198</td></tr><tr class="passedeven"><td rowspan="5">openCart.functionalTests.R1dot2_TS005_ProductSearchFunctionality</td><td><a href="#m29">R1dot2_TS005_TC024</a></td><td rowspan="4">1698835534231</td><td rowspan="4">6302</td></tr><tr class="passedeven"><td><a href="#m30">R1dot2_TS005_TC024</a></td></tr><tr class="passedeven"><td><a href="#m31">R1dot2_TS005_TC024</a></td></tr><tr class="passedeven"><td><a href="#m32">R1dot2_TS005_TC024</a></td></tr><tr class="passedeven"><td><a href="#m33">r1dot2_TS005_TC001</a></td><td rowspan="1">1698835509280</td><td rowspan="1">7064</td></tr><tr class="passedodd"><td rowspan="1">openCart.functionalTests.R1dot2_TS006_ProductCompareFunctionality</td><td><a href="#m34">r1dot2_TS006_TC001</a></td><td rowspan="1">1698835511424</td><td rowspan="1">25037</td></tr><tr class="passedeven"><td rowspan="1">openCart.functionalTests.R1dot3_TS012_CheckoutFunctionality</td><td><a href="#m35">R1dot3_TS012_TC001</a></td><td rowspan="1">1698835511296</td><td rowspan="1">1069</td></tr></tbody>
</table>
<h2>Draft_Test</h2><h3 id="m0">openCart.functionalTests.Dratf#draft</h3><table class="result"><tr><th>Exception</th></tr><tr><td><div class="stacktrace">java.lang.AssertionError: expected [true] but found [false]
	at openCart.functionalTests.Dratf.draft(Dratf.java:27)
	at java.base/java.util.concurrent.ThreadPoolExecutor.runWorker(ThreadPoolExecutor.java:1136)
	at java.base/java.util.concurrent.ThreadPoolExecutor$Worker.run(ThreadPoolExecutor.java:635)
	at java.base/java.lang.Thread.run(Thread.java:833)
... Removed 16 stack frames</div></td></tr></table><p class="totop"><a href="#summary">back to summary</a></p>
<h3 id="m1">openCart.functionalTests.Dratf#draft1</h3><table class="result"><tr><th>Exception</th></tr><tr><td><div class="stacktrace">java.lang.AssertionError: expected [true] but found [false]
	at openCart.functionalTests.Dratf.draft1(Dratf.java:33)
	at java.base/java.util.concurrent.ThreadPoolExecutor.runWorker(ThreadPoolExecutor.java:1136)
	at java.base/java.util.concurrent.ThreadPoolExecutor$Worker.run(ThreadPoolExecutor.java:635)
	at java.base/java.lang.Thread.run(Thread.java:833)
... Removed 16 stack frames</div></td></tr></table><p class="totop"><a href="#summary">back to summary</a></p>
<h3 id="m2">openCart.functionalTests.Dratf#draft2</h3><table class="result"><tr><th>Exception</th></tr><tr><td><div class="stacktrace">java.lang.AssertionError: expected [true] but found [false]
	at openCart.functionalTests.Dratf.draft2(Dratf.java:39)
	at java.base/java.util.concurrent.ThreadPoolExecutor.runWorker(ThreadPoolExecutor.java:1136)
	at java.base/java.util.concurrent.ThreadPoolExecutor$Worker.run(ThreadPoolExecutor.java:635)
	at java.base/java.lang.Thread.run(Thread.java:833)
... Removed 16 stack frames</div></td></tr></table><p class="totop"><a href="#summary">back to summary</a></p>
<h3 id="m3">openCart.functionalTests.Dratf#draft3</h3><table class="result"><tr><th>Exception</th></tr><tr><td><div class="stacktrace">java.lang.AssertionError: expected [true] but found [false]
	at openCart.functionalTests.Dratf.draft3(Dratf.java:45)
	at java.base/java.util.concurrent.ThreadPoolExecutor.runWorker(ThreadPoolExecutor.java:1136)
	at java.base/java.util.concurrent.ThreadPoolExecutor$Worker.run(ThreadPoolExecutor.java:635)
	at java.base/java.lang.Thread.run(Thread.java:833)
... Removed 16 stack frames</div></td></tr></table><p class="totop"><a href="#summary">back to summary</a></p>
<h3 id="m4">openCart.functionalTests.R1dot1_TS003_LogoutFunctionality#r1dot1_TS003_TC003</h3><table class="result"><tr><th>Exception</th></tr><tr><td><div class="stacktrace">org.openqa.selenium.NoSuchElementException: no such element: Unable to locate element: {&quot;method&quot;:&quot;xpath&quot;,&quot;selector&quot;:&quot;//ul[@class=&apos;dropdown-menu dropdown-menu-right&apos;]//a[text()=&apos;My Account&apos;]&quot;}
  (Session info: chrome=118.0.5993.118)
For documentation on this error, please visit: https://www.selenium.dev/documentation/webdriver/troubleshooting/errors#no-such-element-exception
Build info: version: &apos;4.13.0&apos;, revision: &apos;ba948ece5b*&apos;
System info: os.name: &apos;Windows 11&apos;, os.arch: &apos;amd64&apos;, os.version: &apos;10.0&apos;, java.version: &apos;17.0.7&apos;
Driver info: org.openqa.selenium.chrome.ChromeDriver
Command: [e0b21fcd0dfb9bbd9b167ff21143a380, findElement {using=xpath, value=//ul[@class=&apos;dropdown-menu dropdown-menu-right&apos;]//a[text()=&apos;My Account&apos;]}]
Capabilities {acceptInsecureCerts: true, browserName: chrome, browserVersion: 118.0.5993.118, chrome: {chromedriverVersion: 118.0.5993.70 (e52f33f30b91..., userDataDir: C:\Users\naimn\AppData\Loca...}, fedcm:accounts: true, goog:chromeOptions: {debuggerAddress: localhost:62261}, networkConnectionEnabled: false, pageLoadStrategy: normal, platformName: windows, proxy: Proxy(), se:cdp: ws://localhost:62261/devtoo..., se:cdpVersion: 118.0.5993.118, setWindowRect: true, strictFileInteractability: false, timeouts: {implicit: 0, pageLoad: 300000, script: 30000}, unhandledPromptBehavior: dismiss and notify, webauthn:extension:credBlob: true, webauthn:extension:largeBlob: true, webauthn:extension:minPinLength: true, webauthn:extension:prf: true, webauthn:virtualAuthenticators: true}
Session ID: e0b21fcd0dfb9bbd9b167ff21143a380
	at org.openqa.selenium.remote.codec.w3c.W3CHttpResponseCodec.createException(W3CHttpResponseCodec.java:200)
	at org.openqa.selenium.remote.codec.w3c.W3CHttpResponseCodec.decode(W3CHttpResponseCodec.java:133)
	at org.openqa.selenium.remote.codec.w3c.W3CHttpResponseCodec.decode(W3CHttpResponseCodec.java:52)
	at org.openqa.selenium.remote.HttpCommandExecutor.execute(HttpCommandExecutor.java:191)
	at org.openqa.selenium.remote.service.DriverCommandExecutor.invokeExecute(DriverCommandExecutor.java:196)
	at org.openqa.selenium.remote.service.DriverCommandExecutor.execute(DriverCommandExecutor.java:171)
	at org.openqa.selenium.remote.RemoteWebDriver.execute(RemoteWebDriver.java:602)
	at org.openqa.selenium.remote.ElementLocation$ElementFinder$2.findElement(ElementLocation.java:165)
	at org.openqa.selenium.remote.ElementLocation.findElement(ElementLocation.java:59)
	at org.openqa.selenium.remote.RemoteWebDriver.findElement(RemoteWebDriver.java:359)
	at org.openqa.selenium.remote.RemoteWebDriver.findElement(RemoteWebDriver.java:353)
	at org.openqa.selenium.support.pagefactory.DefaultElementLocator.findElement(DefaultElementLocator.java:68)
	at org.openqa.selenium.support.pagefactory.internal.LocatingElementHandler.invoke(LocatingElementHandler.java:38)
	at jdk.proxy2/jdk.proxy2.$Proxy19.click(Unknown Source)
	at pageObjectsfactory.CommonElements.click_MyAccount(CommonElements.java:88)
	at openCart.functionalTests.R1dot1_TS003_LogoutFunctionality.r1dot1_TS003_TC003(R1dot1_TS003_LogoutFunctionality.java:73)
	at java.base/java.util.concurrent.ThreadPoolExecutor.runWorker(ThreadPoolExecutor.java:1136)
	at java.base/java.util.concurrent.ThreadPoolExecutor$Worker.run(ThreadPoolExecutor.java:635)
	at java.base/java.lang.Thread.run(Thread.java:833)
... Removed 17 stack frames</div></td></tr></table><p class="totop"><a href="#summary">back to summary</a></p>
<h3 id="m5">openCart.functionalTests.Dratf#draft</h3><table class="result"><tr><th>Exception</th></tr><tr><td><div class="stacktrace">java.lang.AssertionError: expected [true] but found [false]
	at openCart.functionalTests.Dratf.draft(Dratf.java:27)
	at java.base/java.util.concurrent.ThreadPoolExecutor.runWorker(ThreadPoolExecutor.java:1136)
	at java.base/java.util.concurrent.ThreadPoolExecutor$Worker.run(ThreadPoolExecutor.java:635)
	at java.base/java.lang.Thread.run(Thread.java:833)
... Removed 16 stack frames</div></td></tr></table><p class="totop"><a href="#summary">back to summary</a></p>
<h3 id="m6">openCart.functionalTests.Dratf#draft</h3><table class="result"><tr><th>Exception</th></tr><tr><td><div class="stacktrace">java.lang.AssertionError: expected [true] but found [false]
	at openCart.functionalTests.Dratf.draft(Dratf.java:27)
	at java.base/java.util.concurrent.ThreadPoolExecutor.runWorker(ThreadPoolExecutor.java:1136)
	at java.base/java.util.concurrent.ThreadPoolExecutor$Worker.run(ThreadPoolExecutor.java:635)
	at java.base/java.lang.Thread.run(Thread.java:833)
... Removed 16 stack frames</div></td></tr></table><p class="totop"><a href="#summary">back to summary</a></p>
<h3 id="m7">openCart.functionalTests.Dratf#draft1</h3><table class="result"><tr><th>Exception</th></tr><tr><td><div class="stacktrace">java.lang.AssertionError: expected [true] but found [false]
	at openCart.functionalTests.Dratf.draft1(Dratf.java:33)
	at java.base/java.util.concurrent.ThreadPoolExecutor.runWorker(ThreadPoolExecutor.java:1136)
	at java.base/java.util.concurrent.ThreadPoolExecutor$Worker.run(ThreadPoolExecutor.java:635)
	at java.base/java.lang.Thread.run(Thread.java:833)
... Removed 16 stack frames</div></td></tr></table><p class="totop"><a href="#summary">back to summary</a></p>
<h3 id="m8">openCart.functionalTests.Dratf#draft1</h3><table class="result"><tr><th>Exception</th></tr><tr><td><div class="stacktrace">java.lang.AssertionError: expected [true] but found [false]
	at openCart.functionalTests.Dratf.draft1(Dratf.java:33)
	at java.base/java.util.concurrent.ThreadPoolExecutor.runWorker(ThreadPoolExecutor.java:1136)
	at java.base/java.util.concurrent.ThreadPoolExecutor$Worker.run(ThreadPoolExecutor.java:635)
	at java.base/java.lang.Thread.run(Thread.java:833)
... Removed 16 stack frames</div></td></tr></table><p class="totop"><a href="#summary">back to summary</a></p>
<h3 id="m9">openCart.functionalTests.Dratf#draft2</h3><table class="result"><tr><th>Exception</th></tr><tr><td><div class="stacktrace">java.lang.AssertionError: expected [true] but found [false]
	at openCart.functionalTests.Dratf.draft2(Dratf.java:39)
	at java.base/java.util.concurrent.ThreadPoolExecutor.runWorker(ThreadPoolExecutor.java:1136)
	at java.base/java.util.concurrent.ThreadPoolExecutor$Worker.run(ThreadPoolExecutor.java:635)
	at java.base/java.lang.Thread.run(Thread.java:833)
... Removed 16 stack frames</div></td></tr></table><p class="totop"><a href="#summary">back to summary</a></p>
<h3 id="m10">openCart.functionalTests.Dratf#draft2</h3><table class="result"><tr><th>Exception</th></tr><tr><td><div class="stacktrace">java.lang.AssertionError: expected [true] but found [false]
	at openCart.functionalTests.Dratf.draft2(Dratf.java:39)
	at java.base/java.util.concurrent.ThreadPoolExecutor.runWorker(ThreadPoolExecutor.java:1136)
	at java.base/java.util.concurrent.ThreadPoolExecutor$Worker.run(ThreadPoolExecutor.java:635)
	at java.base/java.lang.Thread.run(Thread.java:833)
... Removed 16 stack frames</div></td></tr></table><p class="totop"><a href="#summary">back to summary</a></p>
<h3 id="m11">openCart.functionalTests.Dratf#draft3</h3><table class="result"><tr><th>Exception</th></tr><tr><td><div class="stacktrace">java.lang.AssertionError: expected [true] but found [false]
	at openCart.functionalTests.Dratf.draft3(Dratf.java:45)
	at java.base/java.util.concurrent.ThreadPoolExecutor.runWorker(ThreadPoolExecutor.java:1136)
	at java.base/java.util.concurrent.ThreadPoolExecutor$Worker.run(ThreadPoolExecutor.java:635)
	at java.base/java.lang.Thread.run(Thread.java:833)
... Removed 16 stack frames</div></td></tr></table><p class="totop"><a href="#summary">back to summary</a></p>
<h3 id="m12">openCart.functionalTests.Dratf#draft3</h3><table class="result"><tr><th>Exception</th></tr><tr><td><div class="stacktrace">java.lang.AssertionError: expected [true] but found [false]
	at openCart.functionalTests.Dratf.draft3(Dratf.java:45)
	at java.base/java.util.concurrent.ThreadPoolExecutor.runWorker(ThreadPoolExecutor.java:1136)
	at java.base/java.util.concurrent.ThreadPoolExecutor$Worker.run(ThreadPoolExecutor.java:635)
	at java.base/java.lang.Thread.run(Thread.java:833)
... Removed 16 stack frames</div></td></tr></table><p class="totop"><a href="#summary">back to summary</a></p>
<h3 id="m13">openCart.functionalTests.R1dot1_TS003_LogoutFunctionality#r1dot1_TS003_TC003</h3><table class="result"><tr><th>Exception</th></tr><tr><td><div class="stacktrace">org.openqa.selenium.NoSuchElementException: no such element: Unable to locate element: {&quot;method&quot;:&quot;xpath&quot;,&quot;selector&quot;:&quot;//ul[@class=&apos;dropdown-menu dropdown-menu-right&apos;]//a[text()=&apos;My Account&apos;]&quot;}
  (Session info: chrome=118.0.5993.118)
For documentation on this error, please visit: https://www.selenium.dev/documentation/webdriver/troubleshooting/errors#no-such-element-exception
Build info: version: &apos;4.13.0&apos;, revision: &apos;ba948ece5b*&apos;
System info: os.name: &apos;Windows 11&apos;, os.arch: &apos;amd64&apos;, os.version: &apos;10.0&apos;, java.version: &apos;17.0.7&apos;
Driver info: org.openqa.selenium.chrome.ChromeDriver
Command: [8559558b9101dea35852a29eabd02b82, findElement {using=xpath, value=//ul[@class=&apos;dropdown-menu dropdown-menu-right&apos;]//a[text()=&apos;My Account&apos;]}]
Capabilities {acceptInsecureCerts: true, browserName: chrome, browserVersion: 118.0.5993.118, chrome: {chromedriverVersion: 118.0.5993.70 (e52f33f30b91..., userDataDir: C:\Users\naimn\AppData\Loca...}, fedcm:accounts: true, goog:chromeOptions: {debuggerAddress: localhost:62146}, networkConnectionEnabled: false, pageLoadStrategy: normal, platformName: windows, proxy: Proxy(), se:cdp: ws://localhost:62146/devtoo..., se:cdpVersion: 118.0.5993.118, setWindowRect: true, strictFileInteractability: false, timeouts: {implicit: 0, pageLoad: 300000, script: 30000}, unhandledPromptBehavior: dismiss and notify, webauthn:extension:credBlob: true, webauthn:extension:largeBlob: true, webauthn:extension:minPinLength: true, webauthn:extension:prf: true, webauthn:virtualAuthenticators: true}
Session ID: 8559558b9101dea35852a29eabd02b82
	at org.openqa.selenium.remote.codec.w3c.W3CHttpResponseCodec.createException(W3CHttpResponseCodec.java:200)
	at org.openqa.selenium.remote.codec.w3c.W3CHttpResponseCodec.decode(W3CHttpResponseCodec.java:133)
	at org.openqa.selenium.remote.codec.w3c.W3CHttpResponseCodec.decode(W3CHttpResponseCodec.java:52)
	at org.openqa.selenium.remote.HttpCommandExecutor.execute(HttpCommandExecutor.java:191)
	at org.openqa.selenium.remote.service.DriverCommandExecutor.invokeExecute(DriverCommandExecutor.java:196)
	at org.openqa.selenium.remote.service.DriverCommandExecutor.execute(DriverCommandExecutor.java:171)
	at org.openqa.selenium.remote.RemoteWebDriver.execute(RemoteWebDriver.java:602)
	at org.openqa.selenium.remote.ElementLocation$ElementFinder$2.findElement(ElementLocation.java:165)
	at org.openqa.selenium.remote.ElementLocation.findElement(ElementLocation.java:59)
	at org.openqa.selenium.remote.RemoteWebDriver.findElement(RemoteWebDriver.java:359)
	at org.openqa.selenium.remote.RemoteWebDriver.findElement(RemoteWebDriver.java:353)
	at org.openqa.selenium.support.pagefactory.DefaultElementLocator.findElement(DefaultElementLocator.java:68)
	at org.openqa.selenium.support.pagefactory.internal.LocatingElementHandler.invoke(LocatingElementHandler.java:38)
	at jdk.proxy2/jdk.proxy2.$Proxy19.click(Unknown Source)
	at pageObjectsfactory.CommonElements.click_MyAccount(CommonElements.java:88)
	at openCart.functionalTests.R1dot1_TS003_LogoutFunctionality.r1dot1_TS003_TC003(R1dot1_TS003_LogoutFunctionality.java:73)
	at java.base/java.util.concurrent.ThreadPoolExecutor.runWorker(ThreadPoolExecutor.java:1136)
	at java.base/java.util.concurrent.ThreadPoolExecutor$Worker.run(ThreadPoolExecutor.java:635)
	at java.base/java.lang.Thread.run(Thread.java:833)
... Removed 17 stack frames</div></td></tr></table><p class="totop"><a href="#summary">back to summary</a></p>
<h3 id="m14">openCart.functionalTests.R1dot1_TS003_LogoutFunctionality#r1dot1_TS003_TC003</h3><table class="result"><tr><th>Exception</th></tr><tr><td><div class="stacktrace">org.openqa.selenium.NoSuchElementException: no such element: Unable to locate element: {&quot;method&quot;:&quot;xpath&quot;,&quot;selector&quot;:&quot;//ul[@class=&apos;dropdown-menu dropdown-menu-right&apos;]//a[text()=&apos;My Account&apos;]&quot;}
  (Session info: chrome=118.0.5993.118)
For documentation on this error, please visit: https://www.selenium.dev/documentation/webdriver/troubleshooting/errors#no-such-element-exception
Build info: version: &apos;4.13.0&apos;, revision: &apos;ba948ece5b*&apos;
System info: os.name: &apos;Windows 11&apos;, os.arch: &apos;amd64&apos;, os.version: &apos;10.0&apos;, java.version: &apos;17.0.7&apos;
Driver info: org.openqa.selenium.chrome.ChromeDriver
Command: [d99f678ec76bb7f3fa63394faa76909a, findElement {using=xpath, value=//ul[@class=&apos;dropdown-menu dropdown-menu-right&apos;]//a[text()=&apos;My Account&apos;]}]
Capabilities {acceptInsecureCerts: true, browserName: chrome, browserVersion: 118.0.5993.118, chrome: {chromedriverVersion: 118.0.5993.70 (e52f33f30b91..., userDataDir: C:\Users\naimn\AppData\Loca...}, fedcm:accounts: true, goog:chromeOptions: {debuggerAddress: localhost:61945}, networkConnectionEnabled: false, pageLoadStrategy: normal, platformName: windows, proxy: Proxy(), se:cdp: ws://localhost:61945/devtoo..., se:cdpVersion: 118.0.5993.118, setWindowRect: true, strictFileInteractability: false, timeouts: {implicit: 0, pageLoad: 300000, script: 30000}, unhandledPromptBehavior: dismiss and notify, webauthn:extension:credBlob: true, webauthn:extension:largeBlob: true, webauthn:extension:minPinLength: true, webauthn:extension:prf: true, webauthn:virtualAuthenticators: true}
Session ID: d99f678ec76bb7f3fa63394faa76909a
	at org.openqa.selenium.remote.codec.w3c.W3CHttpResponseCodec.createException(W3CHttpResponseCodec.java:200)
	at org.openqa.selenium.remote.codec.w3c.W3CHttpResponseCodec.decode(W3CHttpResponseCodec.java:133)
	at org.openqa.selenium.remote.codec.w3c.W3CHttpResponseCodec.decode(W3CHttpResponseCodec.java:52)
	at org.openqa.selenium.remote.HttpCommandExecutor.execute(HttpCommandExecutor.java:191)
	at org.openqa.selenium.remote.service.DriverCommandExecutor.invokeExecute(DriverCommandExecutor.java:196)
	at org.openqa.selenium.remote.service.DriverCommandExecutor.execute(DriverCommandExecutor.java:171)
	at org.openqa.selenium.remote.RemoteWebDriver.execute(RemoteWebDriver.java:602)
	at org.openqa.selenium.remote.ElementLocation$ElementFinder$2.findElement(ElementLocation.java:165)
	at org.openqa.selenium.remote.ElementLocation.findElement(ElementLocation.java:59)
	at org.openqa.selenium.remote.RemoteWebDriver.findElement(RemoteWebDriver.java:359)
	at org.openqa.selenium.remote.RemoteWebDriver.findElement(RemoteWebDriver.java:353)
	at org.openqa.selenium.support.pagefactory.DefaultElementLocator.findElement(DefaultElementLocator.java:68)
	at org.openqa.selenium.support.pagefactory.internal.LocatingElementHandler.invoke(LocatingElementHandler.java:38)
	at jdk.proxy2/jdk.proxy2.$Proxy19.click(Unknown Source)
	at pageObjectsfactory.CommonElements.click_MyAccount(CommonElements.java:88)
	at openCart.functionalTests.R1dot1_TS003_LogoutFunctionality.r1dot1_TS003_TC003(R1dot1_TS003_LogoutFunctionality.java:73)
	at java.base/java.util.concurrent.ThreadPoolExecutor.runWorker(ThreadPoolExecutor.java:1136)
	at java.base/java.util.concurrent.ThreadPoolExecutor$Worker.run(ThreadPoolExecutor.java:635)
	at java.base/java.lang.Thread.run(Thread.java:833)
... Removed 17 stack frames</div></td></tr></table><p class="totop"><a href="#summary">back to summary</a></p>
<h3 id="m15">openCart.functionalTests.R1dot1_TS001_RegisterFunctionality#r1dot1_TS001_TC001</h3><table class="result"><tr><th class="invisible"/></tr></table><p class="totop"><a href="#summary">back to summary</a></p>
<h3 id="m16">openCart.functionalTests.R1dot1_TS001_RegisterFunctionality#r1dot1_TS001_TC003</h3><table class="result"><tr><th class="invisible"/></tr></table><p class="totop"><a href="#summary">back to summary</a></p>
<h3 id="m17">openCart.functionalTests.R1dot1_TS001_RegisterFunctionality#r1dot1_TS001_TC004</h3><table class="result"><tr><th class="invisible"/></tr></table><p class="totop"><a href="#summary">back to summary</a></p>
<h3 id="m18">openCart.functionalTests.R1dot1_TS001_RegisterFunctionality#r1dot1_TS001_TC005</h3><table class="result"><tr><th class="invisible"/></tr></table><p class="totop"><a href="#summary">back to summary</a></p>
<h3 id="m19">openCart.functionalTests.R1dot1_TS001_RegisterFunctionality#r1dot1_TS001_TC006</h3><table class="result"><tr><th class="invisible"/></tr></table><p class="totop"><a href="#summary">back to summary</a></p>
<h3 id="m20">openCart.functionalTests.R1dot1_TS001_RegisterFunctionality#r1dot1_TS001_TC028</h3><table class="result"><tr><th class="invisible"/></tr></table><p class="totop"><a href="#summary">back to summary</a></p>
<h3 id="m21">openCart.functionalTests.R1dot1_TS001_RegisterFunctionality#r1dot1_TS001_TC029</h3><table class="result"><tr><th class="invisible"/></tr></table><p class="totop"><a href="#summary">back to summary</a></p>
<h3 id="m22">openCart.functionalTests.R1dot1_TS002_LoginFunctionality#r1dot1_TS002_TC001</h3><table class="result"><tr><th class="invisible"/></tr></table><p class="totop"><a href="#summary">back to summary</a></p>
<h3 id="m23">openCart.functionalTests.R1dot1_TS002_LoginFunctionality#r1dot1_TS002_TC002</h3><table class="result"><tr><th class="invisible"/></tr></table><p class="totop"><a href="#summary">back to summary</a></p>
<h3 id="m24">openCart.functionalTests.R1dot1_TS002_LoginFunctionality#r1dot1_TS002_TC003</h3><table class="result"><tr><th class="invisible"/></tr></table><p class="totop"><a href="#summary">back to summary</a></p>
<h3 id="m25">openCart.functionalTests.R1dot1_TS003_LogoutFunctionality#r1dot1_TS003_TC001</h3><table class="result"><tr><th class="invisible"/></tr></table><p class="totop"><a href="#summary">back to summary</a></p>
<h3 id="m26">openCart.functionalTests.R1dot1_TS003_LogoutFunctionality#r1dot1_TS003_TC002</h3><table class="result"><tr><th class="invisible"/></tr></table><p class="totop"><a href="#summary">back to summary</a></p>
<h3 id="m27">openCart.functionalTests.R1dot1_TS004_ForgottenPasswordFunctionality#r1dot1_TS004_TC001</h3><table class="result"><tr><th class="invisible"/></tr></table><p class="totop"><a href="#summary">back to summary</a></p>
<h3 id="m28">openCart.functionalTests.R1dot1_TS004_ForgottenPasswordFunctionality#r1dot1_TS004_TC002</h3><table class="result"><tr><th class="invisible"/></tr></table><p class="totop"><a href="#summary">back to summary</a></p>
<h3 id="m29">openCart.functionalTests.R1dot2_TS005_ProductSearchFunctionality#R1dot2_TS005_TC024</h3><table class="result"><tr class="param"><th>Parameter #1</th></tr><tr class="param stripe"><td>iPhone</td></tr></table><p class="totop"><a href="#summary">back to summary</a></p>
<h3 id="m30">openCart.functionalTests.R1dot2_TS005_ProductSearchFunctionality#R1dot2_TS005_TC024</h3><table class="result"><tr class="param"><th>Parameter #1</th></tr><tr class="param stripe"><td>Apple Cinema 30&quot;</td></tr></table><p class="totop"><a href="#summary">back to summary</a></p>
<h3 id="m31">openCart.functionalTests.R1dot2_TS005_ProductSearchFunctionality#R1dot2_TS005_TC024</h3><table class="result"><tr class="param"><th>Parameter #1</th></tr><tr class="param stripe"><td>Canon EOS 5D</td></tr></table><p class="totop"><a href="#summary">back to summary</a></p>
<h3 id="m32">openCart.functionalTests.R1dot2_TS005_ProductSearchFunctionality#R1dot2_TS005_TC024</h3><table class="result"><tr class="param"><th>Parameter #1</th></tr><tr class="param stripe"><td>MacBook</td></tr></table><p class="totop"><a href="#summary">back to summary</a></p>
<h3 id="m33">openCart.functionalTests.R1dot2_TS005_ProductSearchFunctionality#r1dot2_TS005_TC001</h3><table class="result"><tr><th class="invisible"/></tr></table><p class="totop"><a href="#summary">back to summary</a></p>
<h3 id="m34">openCart.functionalTests.R1dot2_TS006_ProductCompareFunctionality#r1dot2_TS006_TC001</h3><table class="result"><tr><th class="invisible"/></tr></table><p class="totop"><a href="#summary">back to summary</a></p>
<h3 id="m35">openCart.functionalTests.R1dot3_TS012_CheckoutFunctionality#R1dot3_TS012_TC001</h3><table class="result"><tr><th class="invisible"/></tr></table><p class="totop"><a href="#summary">back to summary</a></p>
</body>
</html>
